# JRE version: Java(TM) SE Runtime Environment (8.0_251-b08) (build 1.8.0_251-b08)
# Java VM: Java HotSpot(TM) 64-Bit Server VM (25.251-b08 mixed mode windows-amd64 compressed oops)
Heap:
 PSYoungGen      total 312320K, used 61916K [0x00000000d5980000, 0x00000000ed300000, 0x0000000100000000)
  eden space 281088K, 10% used [0x00000000d5980000,0x00000000d778bbf0,0x00000000e6c00000)
  from space 31232K, 99% used [0x00000000eb480000,0x00000000ed2eb5c8,0x00000000ed300000)
  to   space 37376K, 0% used [0x00000000e8a00000,0x00000000e8a00000,0x00000000eae80000)
 ParOldGen       total 126976K, used 36569K [0x0000000080c00000, 0x0000000088800000, 0x00000000d5980000)
  object space 126976K, 28% used [0x0000000080c00000,0x0000000082fb65e0,0x0000000088800000)
 Metaspace       used 69785K, capacity 74042K, committed 74392K, reserved 1114112K
  class space    used 9350K, capacity 10057K, committed 10160K, reserved 1048576K
GC Heap History (10 events):
Event: 6258.707 GC heap before
{Heap before GC invocations=26 (full 3):
 PSYoungGen      total 296448K, used 21374K [0x00000000d5980000, 0x00000000ea580000, 0x0000000100000000)
  eden space 292864K, 6% used [0x00000000d5980000,0x00000000d6d37bb0,0x00000000e7780000)
  from space 3584K, 33% used [0x00000000ea200000,0x00000000ea328020,0x00000000ea580000)
  to   space 23552K, 0% used [0x00000000e7780000,0x00000000e7780000,0x00000000e8e80000)
 ParOldGen       total 126976K, used 59132K [0x0000000080c00000, 0x0000000088800000, 0x00000000d5980000)
  object space 126976K, 46% used [0x0000000080c00000,0x00000000845bf138,0x0000000088800000)
 Metaspace       used 67478K, capacity 71468K, committed 71576K, reserved 1112064K
  class space    used 9151K, capacity 9816K, committed 9904K, reserved 1048576K
Event: 6258.710 GC heap after
Heap after GC invocations=26 (full 3):
 PSYoungGen      total 293888K, used 928K [0x00000000d5980000, 0x00000000ea380000, 0x0000000100000000)
  eden space 292864K, 0% used [0x00000000d5980000,0x00000000d5980000,0x00000000e7780000)
  from space 1024K, 90% used [0x00000000e7780000,0x00000000e7868020,0x00000000e7880000)
  to   space 22528K, 0% used [0x00000000e8d80000,0x00000000e8d80000,0x00000000ea380000)
 ParOldGen       total 126976K, used 59140K [0x0000000080c00000, 0x0000000088800000, 0x00000000d5980000)
  object space 126976K, 46% used [0x0000000080c00000,0x00000000845c1138,0x0000000088800000)
 Metaspace       used 67478K, capacity 71468K, committed 71576K, reserved 1112064K
  class space    used 9151K, capacity 9816K, committed 9904K, reserved 1048576K
}
Event: 6258.710 GC heap before
{Heap before GC invocations=27 (full 4):
 PSYoungGen      total 293888K, used 928K [0x00000000d5980000, 0x00000000ea380000, 0x0000000100000000)
  eden space 292864K, 0% used [0x00000000d5980000,0x00000000d5980000,0x00000000e7780000)
  from space 1024K, 90% used [0x00000000e7780000,0x00000000e7868020,0x00000000e7880000)
  to   space 22528K, 0% used [0x00000000e8d80000,0x00000000e8d80000,0x00000000ea380000)
 ParOldGen       total 126976K, used 59140K [0x0000000080c00000, 0x0000000088800000, 0x00000000d5980000)
  object space 126976K, 46% used [0x0000000080c00000,0x00000000845c1138,0x0000000088800000)
 Metaspace       used 67478K, capacity 71468K, committed 71576K, reserved 1112064K
  class space    used 9151K, capacity 9816K, committed 9904K, reserved 1048576K
Event: 6258.834 GC heap after
Heap after GC invocations=27 (full 4):
 PSYoungGen      total 293888K, used 0K [0x00000000d5980000, 0x00000000ea380000, 0x0000000100000000)
  eden space 292864K, 0% used [0x00000000d5980000,0x00000000d5980000,0x00000000e7780000)
  from space 1024K, 0% used [0x00000000e7780000,0x00000000e7780000,0x00000000e7880000)
  to   space 22528K, 0% used [0x00000000e8d80000,0x00000000e8d80000,0x00000000ea380000)
 ParOldGen       total 126976K, used 28710K [0x0000000080c00000, 0x0000000088800000, 0x00000000d5980000)
  object space 126976K, 22% used [0x0000000080c00000,0x0000000082809ab8,0x0000000088800000)
 Metaspace       used 67058K, capacity 70800K, committed 71576K, reserved 1112064K
  class space    used 9087K, capacity 9700K, committed 9904K, reserved 1048576K
}
Event: 6259.705 GC heap before
{Heap before GC invocations=28 (full 4):
 PSYoungGen      total 293888K, used 292864K [0x00000000d5980000, 0x00000000ea380000, 0x0000000100000000)
  eden space 292864K, 100% used [0x00000000d5980000,0x00000000e7780000,0x00000000e7780000)
  from space 1024K, 0% used [0x00000000e7780000,0x00000000e7780000,0x00000000e7880000)
  to   space 22528K, 0% used [0x00000000e8d80000,0x00000000e8d80000,0x00000000ea380000)
 ParOldGen       total 126976K, used 28710K [0x0000000080c00000, 0x0000000088800000, 0x00000000d5980000)
  object space 126976K, 22% used [0x0000000080c00000,0x0000000082809ab8,0x0000000088800000)
 Metaspace       used 68387K, capacity 72300K, committed 72728K, reserved 1112064K
  class space    used 9228K, capacity 9874K, committed 10032K, reserved 1048576K
Event: 6259.713 GC heap after
Heap after GC invocations=28 (full 4):
 PSYoungGen      total 314368K, used 13267K [0x00000000d5980000, 0x00000000eb380000, 0x0000000100000000)
  eden space 291840K, 0% used [0x00000000d5980000,0x00000000d5980000,0x00000000e7680000)
  from space 22528K, 58% used [0x00000000e8d80000,0x00000000e9a74d70,0x00000000ea380000)
  to   space 23552K, 0% used [0x00000000e7680000,0x00000000e7680000,0x00000000e8d80000)
 ParOldGen       total 126976K, used 28718K [0x0000000080c00000, 0x0000000088800000, 0x00000000d5980000)
  object space 126976K, 22% used [0x0000000080c00000,0x000000008280bab8,0x0000000088800000)
 Metaspace       used 68387K, capacity 72300K, committed 72728K, reserved 1112064K
  class space    used 9228K, capacity 9874K, committed 10032K, reserved 1048576K
}
Event: 6260.381 GC heap before
{Heap before GC invocations=29 (full 4):
 PSYoungGen      total 314368K, used 305107K [0x00000000d5980000, 0x00000000eb380000, 0x0000000100000000)
  eden space 291840K, 100% used [0x00000000d5980000,0x00000000e7680000,0x00000000e7680000)
  from space 22528K, 58% used [0x00000000e8d80000,0x00000000e9a74d70,0x00000000ea380000)
  to   space 23552K, 0% used [0x00000000e7680000,0x00000000e7680000,0x00000000e8d80000)
 ParOldGen       total 126976K, used 28718K [0x0000000080c00000, 0x0000000088800000, 0x00000000d5980000)
  object space 126976K, 22% used [0x0000000080c00000,0x000000008280bab8,0x0000000088800000)
 Metaspace       used 69631K, capacity 73856K, committed 74008K, reserved 1114112K
  class space    used 9331K, capacity 10026K, committed 10032K, reserved 1048576K
Event: 6260.396 GC heap after
Heap after GC invocations=29 (full 4):
 PSYoungGen      total 315392K, used 23526K [0x00000000d5980000, 0x00000000ed300000, 0x0000000100000000)
  eden space 291840K, 0% used [0x00000000d5980000,0x00000000d5980000,0x00000000e7680000)
  from space 23552K, 99% used [0x00000000e7680000,0x00000000e8d79b70,0x00000000e8d80000)
  to   space 31232K, 0% used [0x00000000eb480000,0x00000000eb480000,0x00000000ed300000)
 ParOldGen       total 126976K, used 36561K [0x0000000080c00000, 0x0000000088800000, 0x00000000d5980000)
  object space 126976K, 28% used [0x0000000080c00000,0x0000000082fb45e0,0x0000000088800000)
 Metaspace       used 69631K, capacity 73856K, committed 74008K, reserved 1114112K
  class space    used 9331K, capacity 10026K, committed 10032K, reserved 1048576K
}
Event: 6594.449 GC heap before
{Heap before GC invocations=30 (full 4):
 PSYoungGen      total 315392K, used 315366K [0x00000000d5980000, 0x00000000ed300000, 0x0000000100000000)
  eden space 291840K, 100% used [0x00000000d5980000,0x00000000e7680000,0x00000000e7680000)
  from space 23552K, 99% used [0x00000000e7680000,0x00000000e8d79b70,0x00000000e8d80000)
  to   space 31232K, 0% used [0x00000000eb480000,0x00000000eb480000,0x00000000ed300000)
 ParOldGen       total 126976K, used 36561K [0x0000000080c00000, 0x0000000088800000, 0x00000000d5980000)
  object space 126976K, 28% used [0x0000000080c00000,0x0000000082fb45e0,0x0000000088800000)
 Metaspace       used 69777K, capacity 74042K, committed 74392K, reserved 1114112K
  class space    used 9349K, capacity 10057K, committed 10160K, reserved 1048576K
Event: 6594.463 GC heap after
Heap after GC invocations=30 (full 4):
 PSYoungGen      total 312320K, used 31149K [0x00000000d5980000, 0x00000000ed300000, 0x0000000100000000)
  eden space 281088K, 0% used [0x00000000d5980000,0x00000000d5980000,0x00000000e6c00000)
  from space 31232K, 99% used [0x00000000eb480000,0x00000000ed2eb5c8,0x00000000ed300000)
  to   space 37376K, 0% used [0x00000000e8a00000,0x00000000e8a00000,0x00000000eae80000)
 ParOldGen       total 126976K, used 36569K [0x0000000080c00000, 0x0000000088800000, 0x00000000d5980000)
  object space 126976K, 28% used [0x0000000080c00000,0x0000000082fb65e0,0x0000000088800000)
 Metaspace       used 69777K, capacity 74042K, committed 74392K, reserved 1114112K
  class space    used 9349K, capacity 10057K, committed 10160K, reserved 1048576K
}

